22:11:44 [INFO ]: Event guildCreate.js is loaded
22:11:44 [INFO ]: Event guildDelete.js is loaded
22:11:44 [INFO ]: Event guildMemberAdd.js is loaded
22:11:44 [INFO ]: Event guildMemberRemove.js is loaded
22:11:44 [INFO ]: Event interactionCreate.js is loaded
22:11:44 [INFO ]: Event messageCreate.js is loaded
22:11:44 [INFO ]: Event messageReactionAdd.js is loaded
22:11:44 [INFO ]: Event messageReactionRemove.js is loaded
22:11:44 [INFO ]: Event presenceUpdate.js is loaded
22:11:44 [INFO ]: Event ready.js is loaded
22:11:44 [INFO ]: Event voiceStateUpdate.js is loaded
22:11:44 [INFO ]: Command add-character-channel.js is loaded
22:11:44 [INFO ]: Command character.js is loaded
22:11:44 [INFO ]: Command characterCreation.js is loaded
22:11:44 [INFO ]: Command condition.js is loaded
22:11:44 [INFO ]: Command impersonate.js is loaded
22:11:44 [INFO ]: Command magic-item.js is loaded
22:11:44 [INFO ]: Command magicItemList.js is loaded
22:11:44 [INFO ]: Command nonPlayableCharacterCreation.js is loaded
22:11:44 [INFO ]: Command npc.js is loaded
22:11:44 [INFO ]: Command quests.js is loaded
22:11:44 [INFO ]: Command roll-check.js is loaded
22:11:44 [INFO ]: Command roll-dice.js is loaded
22:11:44 [INFO ]: Command roll-stats.js is loaded
22:11:44 [INFO ]: Command session.js is loaded
22:11:44 [INFO ]: Command set-level.js is loaded
22:11:44 [INFO ]: Command spell.js is loaded
22:11:44 [INFO ]: Command stop-impersonating.js is loaded
22:11:44 [INFO ]: Command weapon.js is loaded
22:11:44 [INFO ]: Command chthulu.js is loaded
22:11:44 [INFO ]: Command help.js is loaded
22:11:44 [INFO ]: Command server.js is loaded
22:11:44 [INFO ]: Command clear.js is loaded
22:11:44 [INFO ]: Command avatar.js is loaded
22:11:44 [INFO ]: Command echo.js is loaded
22:11:45 [INFO ]: Chthulu bot is online!
22:11:46 [INFO ]: Website is up and running at http://localhost:8080
08:41:44 [INFO ]: Event guildCreate.js is loaded
08:41:44 [INFO ]: Event guildDelete.js is loaded
08:41:44 [INFO ]: Event guildMemberAdd.js is loaded
08:41:44 [INFO ]: Event guildMemberRemove.js is loaded
08:41:44 [INFO ]: Event interactionCreate.js is loaded
08:41:44 [INFO ]: Event messageCreate.js is loaded
08:41:44 [INFO ]: Event messageReactionAdd.js is loaded
08:41:44 [INFO ]: Event messageReactionRemove.js is loaded
08:41:44 [INFO ]: Event presenceUpdate.js is loaded
08:41:44 [INFO ]: Event ready.js is loaded
08:41:44 [INFO ]: Event voiceStateUpdate.js is loaded
08:41:44 [INFO ]: Command avatar.js is loaded
08:41:44 [INFO ]: Command add-character-channel.js is loaded
08:41:44 [INFO ]: Command character.js is loaded
08:41:44 [INFO ]: Command characterCreation.js is loaded
08:41:44 [INFO ]: Command condition.js is loaded
08:41:44 [INFO ]: Command impersonate.js is loaded
08:41:44 [INFO ]: Command magic-item.js is loaded
08:41:44 [INFO ]: Command magicItemList.js is loaded
08:41:44 [INFO ]: Command nonPlayableCharacterCreation.js is loaded
08:41:44 [INFO ]: Command npc.js is loaded
08:41:44 [INFO ]: Command quests.js is loaded
08:41:44 [INFO ]: Command roll-check.js is loaded
08:41:44 [INFO ]: Command roll-dice.js is loaded
08:41:44 [INFO ]: Command roll-stats.js is loaded
08:41:44 [INFO ]: Command session.js is loaded
08:41:44 [INFO ]: Command set-level.js is loaded
08:41:44 [INFO ]: Command spell.js is loaded
08:41:44 [INFO ]: Command stop-impersonating.js is loaded
08:41:44 [INFO ]: Command weapon.js is loaded
08:41:44 [INFO ]: Command clear.js is loaded
08:41:44 [INFO ]: Command chthulu.js is loaded
08:41:44 [INFO ]: Command help.js is loaded
08:41:44 [INFO ]: Command server.js is loaded
08:41:44 [INFO ]: Command echo.js is loaded
08:41:45 [INFO ]: Chthulu bot is online!
08:41:46 [INFO ]: Website is up and running at http://localhost:8080
21:22:38 [INFO ]: Event guildCreate.js is loaded
21:22:38 [INFO ]: Event guildDelete.js is loaded
21:22:38 [INFO ]: Event guildMemberAdd.js is loaded
21:22:38 [INFO ]: Event guildMemberRemove.js is loaded
21:22:38 [INFO ]: Event interactionCreate.js is loaded
21:22:38 [INFO ]: Event messageCreate.js is loaded
21:22:38 [INFO ]: Event messageReactionAdd.js is loaded
21:22:38 [INFO ]: Event messageReactionRemove.js is loaded
21:22:38 [INFO ]: Event presenceUpdate.js is loaded
21:22:38 [INFO ]: Event ready.js is loaded
21:22:38 [INFO ]: Event voiceStateUpdate.js is loaded
21:22:38 [INFO ]: Command add-character-channel.js is loaded
21:22:38 [INFO ]: Command character.js is loaded
21:22:38 [INFO ]: Command characterCreation.js is loaded
21:22:38 [INFO ]: Command condition.js is loaded
21:22:38 [INFO ]: Command impersonate.js is loaded
21:22:38 [INFO ]: Command magic-item.js is loaded
21:22:38 [INFO ]: Command magicItemList.js is loaded
21:22:38 [INFO ]: Command nonPlayableCharacterCreation.js is loaded
21:22:38 [INFO ]: Command npc.js is loaded
21:22:38 [INFO ]: Command quests.js is loaded
21:22:38 [INFO ]: Command roll-check.js is loaded
21:22:38 [INFO ]: Command roll-dice.js is loaded
21:22:38 [INFO ]: Command roll-stats.js is loaded
21:22:38 [INFO ]: Command session.js is loaded
21:22:38 [INFO ]: Command set-level.js is loaded
21:22:38 [INFO ]: Command spell.js is loaded
21:22:38 [INFO ]: Command stop-impersonating.js is loaded
21:22:38 [INFO ]: Command weapon.js is loaded
21:22:38 [INFO ]: Command avatar.js is loaded
21:22:38 [INFO ]: Command clear.js is loaded
21:22:38 [INFO ]: Command chthulu.js is loaded
21:22:38 [INFO ]: Command help.js is loaded
21:22:38 [INFO ]: Command server.js is loaded
21:22:38 [INFO ]: Command echo.js is loaded
21:22:40 [INFO ]: Chthulu bot is online!
21:22:42 [INFO ]: Website is up and running at http://localhost:8080
10:46:47 [INFO ]: Event guildCreate.js is loaded
10:46:47 [INFO ]: Event guildDelete.js is loaded
10:46:47 [INFO ]: Event guildMemberAdd.js is loaded
10:46:47 [INFO ]: Event guildMemberRemove.js is loaded
10:46:47 [INFO ]: Event interactionCreate.js is loaded
10:46:47 [INFO ]: Event messageCreate.js is loaded
10:46:47 [INFO ]: Event messageReactionAdd.js is loaded
10:46:47 [INFO ]: Event messageReactionRemove.js is loaded
10:46:47 [INFO ]: Event presenceUpdate.js is loaded
10:46:47 [INFO ]: Event ready.js is loaded
10:46:47 [INFO ]: Event voiceStateUpdate.js is loaded
10:46:47 [INFO ]: Command add-character-channel.js is loaded
10:46:47 [INFO ]: Command character.js is loaded
10:46:47 [INFO ]: Command characterCreation.js is loaded
10:46:47 [INFO ]: Command condition.js is loaded
10:46:47 [INFO ]: Command impersonate.js is loaded
10:46:47 [INFO ]: Command magic-item.js is loaded
10:46:47 [INFO ]: Command magicItemList.js is loaded
10:46:47 [INFO ]: Command nonPlayableCharacterCreation.js is loaded
10:46:47 [INFO ]: Command npc.js is loaded
10:46:47 [INFO ]: Command quests.js is loaded
10:46:47 [INFO ]: Command roll-check.js is loaded
10:46:47 [INFO ]: Command roll-dice.js is loaded
10:46:47 [INFO ]: Command roll-stats.js is loaded
10:46:47 [INFO ]: Command session.js is loaded
10:46:47 [INFO ]: Command set-level.js is loaded
10:46:47 [INFO ]: Command spell.js is loaded
10:46:47 [INFO ]: Command stop-impersonating.js is loaded
10:46:47 [INFO ]: Command weapon.js is loaded
10:46:47 [INFO ]: Command avatar.js is loaded
10:46:47 [INFO ]: Command chthulu.js is loaded
10:46:47 [INFO ]: Command help.js is loaded
10:46:47 [INFO ]: Command server.js is loaded
10:46:47 [INFO ]: Command clear.js is loaded
10:46:47 [INFO ]: Command echo.js is loaded
10:46:48 [INFO ]: Chthulu bot is online!
10:46:49 [INFO ]: Website is up and running at http://localhost:8080
10:51:59 [INFO ]: Event guildCreate.js is loaded
10:51:59 [INFO ]: Event guildDelete.js is loaded
10:51:59 [INFO ]: Event guildMemberAdd.js is loaded
10:51:59 [INFO ]: Event guildMemberRemove.js is loaded
10:51:59 [INFO ]: Event interactionCreate.js is loaded
10:51:59 [INFO ]: Event messageCreate.js is loaded
10:51:59 [INFO ]: Event messageReactionAdd.js is loaded
10:51:59 [INFO ]: Event messageReactionRemove.js is loaded
10:51:59 [INFO ]: Event presenceUpdate.js is loaded
10:51:59 [INFO ]: Event ready.js is loaded
10:51:59 [INFO ]: Event voiceStateUpdate.js is loaded
10:51:59 [INFO ]: Command add-character-channel.js is loaded
10:51:59 [INFO ]: Command character.js is loaded
10:51:59 [INFO ]: Command characterCreation.js is loaded
10:51:59 [INFO ]: Command condition.js is loaded
10:51:59 [INFO ]: Command impersonate.js is loaded
10:51:59 [INFO ]: Command magic-item.js is loaded
10:51:59 [INFO ]: Command magicItemList.js is loaded
10:51:59 [INFO ]: Command nonPlayableCharacterCreation.js is loaded
10:51:59 [INFO ]: Command npc.js is loaded
10:51:59 [INFO ]: Command quests.js is loaded
10:51:59 [INFO ]: Command roll-check.js is loaded
10:51:59 [INFO ]: Command roll-dice.js is loaded
10:51:59 [INFO ]: Command roll-stats.js is loaded
10:51:59 [INFO ]: Command session.js is loaded
10:51:59 [INFO ]: Command set-level.js is loaded
10:51:59 [INFO ]: Command spell.js is loaded
10:51:59 [INFO ]: Command stop-impersonating.js is loaded
10:51:59 [INFO ]: Command weapon.js is loaded
10:51:59 [INFO ]: Command avatar.js is loaded
10:51:59 [INFO ]: Command chthulu.js is loaded
10:51:59 [INFO ]: Command help.js is loaded
10:51:59 [INFO ]: Command server.js is loaded
10:51:59 [INFO ]: Command clear.js is loaded
10:51:59 [INFO ]: Command echo.js is loaded
10:52:00 [INFO ]: Chthulu bot is online!
10:52:01 [INFO ]: Website is up and running at http://localhost:8080
10:53:07 [INFO ]: Event guildCreate.js is loaded
10:53:07 [INFO ]: Event guildDelete.js is loaded
10:53:08 [INFO ]: Event guildMemberAdd.js is loaded
10:53:08 [INFO ]: Event guildMemberRemove.js is loaded
10:53:08 [INFO ]: Event interactionCreate.js is loaded
10:53:08 [INFO ]: Event messageCreate.js is loaded
10:53:08 [INFO ]: Event messageReactionAdd.js is loaded
10:53:08 [INFO ]: Event messageReactionRemove.js is loaded
10:53:08 [INFO ]: Event presenceUpdate.js is loaded
10:53:08 [INFO ]: Event ready.js is loaded
10:53:08 [INFO ]: Event voiceStateUpdate.js is loaded
10:53:08 [INFO ]: Command avatar.js is loaded
10:53:08 [INFO ]: Command add-character-channel.js is loaded
10:53:08 [INFO ]: Command character.js is loaded
10:53:08 [INFO ]: Command characterCreation.js is loaded
10:53:08 [INFO ]: Command condition.js is loaded
10:53:08 [INFO ]: Command impersonate.js is loaded
10:53:08 [INFO ]: Command magic-item.js is loaded
10:53:08 [INFO ]: Command magicItemList.js is loaded
10:53:08 [INFO ]: Command nonPlayableCharacterCreation.js is loaded
10:53:08 [INFO ]: Command npc.js is loaded
10:53:08 [INFO ]: Command quests.js is loaded
10:53:08 [INFO ]: Command roll-check.js is loaded
10:53:08 [INFO ]: Command roll-dice.js is loaded
10:53:08 [INFO ]: Command roll-stats.js is loaded
10:53:08 [INFO ]: Command session.js is loaded
10:53:08 [INFO ]: Command set-level.js is loaded
10:53:08 [INFO ]: Command spell.js is loaded
10:53:08 [INFO ]: Command stop-impersonating.js is loaded
10:53:08 [INFO ]: Command weapon.js is loaded
10:53:08 [INFO ]: Command chthulu.js is loaded
10:53:08 [INFO ]: Command help.js is loaded
10:53:08 [INFO ]: Command server.js is loaded
10:53:08 [INFO ]: Command clear.js is loaded
10:53:08 [INFO ]: Command echo.js is loaded
10:53:09 [INFO ]: Chthulu bot is online!
10:53:10 [INFO ]: Website is up and running at http://localhost:8080
10:53:57 [INFO ]: Event guildCreate.js is loaded
10:53:57 [INFO ]: Event guildDelete.js is loaded
10:53:57 [INFO ]: Event guildMemberAdd.js is loaded
10:53:57 [INFO ]: Event guildMemberRemove.js is loaded
10:53:57 [INFO ]: Event interactionCreate.js is loaded
10:53:57 [INFO ]: Event messageCreate.js is loaded
10:53:57 [INFO ]: Event messageReactionAdd.js is loaded
10:53:57 [INFO ]: Event messageReactionRemove.js is loaded
10:53:57 [INFO ]: Event presenceUpdate.js is loaded
10:53:57 [INFO ]: Event ready.js is loaded
10:53:57 [INFO ]: Event voiceStateUpdate.js is loaded
10:53:57 [INFO ]: Command add-character-channel.js is loaded
10:53:57 [INFO ]: Command character.js is loaded
10:53:57 [INFO ]: Command characterCreation.js is loaded
10:53:57 [INFO ]: Command condition.js is loaded
10:53:57 [INFO ]: Command impersonate.js is loaded
10:53:57 [INFO ]: Command magic-item.js is loaded
10:53:57 [INFO ]: Command magicItemList.js is loaded
10:53:57 [INFO ]: Command nonPlayableCharacterCreation.js is loaded
10:53:58 [INFO ]: Command npc.js is loaded
10:53:58 [INFO ]: Command quests.js is loaded
10:53:58 [INFO ]: Command roll-check.js is loaded
10:53:58 [INFO ]: Command roll-dice.js is loaded
10:53:58 [INFO ]: Command roll-stats.js is loaded
10:53:58 [INFO ]: Command session.js is loaded
10:53:58 [INFO ]: Command set-level.js is loaded
10:53:58 [INFO ]: Command spell.js is loaded
10:53:58 [INFO ]: Command stop-impersonating.js is loaded
10:53:58 [INFO ]: Command weapon.js is loaded
10:53:58 [INFO ]: Command chthulu.js is loaded
10:53:58 [INFO ]: Command help.js is loaded
10:53:58 [INFO ]: Command server.js is loaded
10:53:58 [INFO ]: Command avatar.js is loaded
10:53:58 [INFO ]: Command clear.js is loaded
10:53:58 [INFO ]: Command echo.js is loaded
10:53:58 [INFO ]: Chthulu bot is online!
10:53:59 [INFO ]: Website is up and running at http://localhost:8080
13:06:37 [INFO ]: Event guildCreate.js is loaded
13:06:37 [INFO ]: Event guildDelete.js is loaded
13:06:37 [INFO ]: Event guildMemberAdd.js is loaded
13:06:37 [INFO ]: Event guildMemberRemove.js is loaded
13:06:37 [INFO ]: Event interactionCreate.js is loaded
13:06:37 [INFO ]: Event messageCreate.js is loaded
13:06:37 [INFO ]: Event messageReactionAdd.js is loaded
13:06:37 [INFO ]: Event messageReactionRemove.js is loaded
13:06:37 [INFO ]: Event presenceUpdate.js is loaded
13:06:37 [INFO ]: Event ready.js is loaded
13:06:37 [INFO ]: Event voiceStateUpdate.js is loaded
13:06:37 [INFO ]: Command avatar.js is loaded
13:06:37 [INFO ]: Command add-character-channel.js is loaded
13:06:37 [INFO ]: Command character.js is loaded
13:06:37 [INFO ]: Command characterCreation.js is loaded
13:06:37 [INFO ]: Command condition.js is loaded
13:06:37 [INFO ]: Command impersonate.js is loaded
13:06:37 [INFO ]: Command magic-item.js is loaded
13:06:37 [INFO ]: Command magicItemList.js is loaded
13:06:37 [INFO ]: Command nonPlayableCharacterCreation.js is loaded
13:06:37 [INFO ]: Command npc.js is loaded
13:06:37 [INFO ]: Command quests.js is loaded
13:06:37 [INFO ]: Command roll-check.js is loaded
13:06:37 [INFO ]: Command roll-dice.js is loaded
13:06:37 [INFO ]: Command roll-stats.js is loaded
13:06:37 [INFO ]: Command session.js is loaded
13:06:37 [INFO ]: Command set-level.js is loaded
13:06:37 [INFO ]: Command spell.js is loaded
13:06:37 [INFO ]: Command stop-impersonating.js is loaded
13:06:37 [INFO ]: Command weapon.js is loaded
13:06:37 [INFO ]: Command chthulu.js is loaded
13:06:37 [INFO ]: Command help.js is loaded
13:06:37 [INFO ]: Command server.js is loaded
13:06:37 [INFO ]: Command clear.js is loaded
13:06:37 [INFO ]: Command echo.js is loaded
13:06:38 [INFO ]: Chthulu bot is online!
13:06:39 [INFO ]: Website is up and running at http://localhost:8080
20:33:15 [INFO ]: Event guildCreate.js is loaded
20:33:15 [INFO ]: Event guildDelete.js is loaded
20:33:15 [INFO ]: Event guildMemberAdd.js is loaded
20:33:15 [INFO ]: Event guildMemberRemove.js is loaded
20:33:15 [INFO ]: Event interactionCreate.js is loaded
20:33:15 [INFO ]: Event messageCreate.js is loaded
20:33:15 [INFO ]: Event messageReactionAdd.js is loaded
20:33:15 [INFO ]: Event messageReactionRemove.js is loaded
20:33:15 [INFO ]: Event presenceUpdate.js is loaded
20:33:15 [INFO ]: Event ready.js is loaded
20:33:15 [INFO ]: Event voiceStateUpdate.js is loaded
20:33:15 [INFO ]: Command add-character-channel.js is loaded
20:33:15 [INFO ]: Command character.js is loaded
20:33:15 [INFO ]: Command characterCreation.js is loaded
20:33:15 [INFO ]: Command condition.js is loaded
20:33:15 [INFO ]: Command impersonate.js is loaded
20:33:15 [INFO ]: Command magic-item.js is loaded
20:33:15 [INFO ]: Command magicItemList.js is loaded
20:33:15 [INFO ]: Command nonPlayableCharacterCreation.js is loaded
20:33:15 [INFO ]: Command npc.js is loaded
20:33:15 [INFO ]: Command quests.js is loaded
20:33:15 [INFO ]: Command roll-check.js is loaded
20:33:15 [INFO ]: Command roll-dice.js is loaded
20:33:15 [INFO ]: Command roll-stats.js is loaded
20:33:15 [INFO ]: Command session.js is loaded
20:33:15 [INFO ]: Command set-level.js is loaded
20:33:15 [INFO ]: Command spell.js is loaded
20:33:15 [INFO ]: Command stop-impersonating.js is loaded
20:33:15 [INFO ]: Command weapon.js is loaded
20:33:15 [INFO ]: Command avatar.js is loaded
20:33:15 [INFO ]: Command chthulu.js is loaded
20:33:15 [INFO ]: Command help.js is loaded
20:33:15 [INFO ]: Command server.js is loaded
20:33:15 [INFO ]: Command clear.js is loaded
20:33:15 [INFO ]: Command echo.js is loaded
20:33:16 [INFO ]: Chthulu bot is online!
20:33:17 [INFO ]: Website is up and running at http://localhost:8080
21:22:10 [INFO ]: Event guildCreate.js is loaded
21:22:10 [INFO ]: Event guildDelete.js is loaded
21:22:10 [INFO ]: Event guildMemberAdd.js is loaded
21:22:10 [INFO ]: Event guildMemberRemove.js is loaded
21:22:10 [INFO ]: Event interactionCreate.js is loaded
21:22:10 [INFO ]: Event messageCreate.js is loaded
21:22:10 [INFO ]: Event messageReactionAdd.js is loaded
21:22:10 [INFO ]: Event messageReactionRemove.js is loaded
21:22:10 [INFO ]: Event presenceUpdate.js is loaded
21:22:10 [INFO ]: Event ready.js is loaded
21:22:10 [INFO ]: Event voiceStateUpdate.js is loaded
21:22:10 [INFO ]: Command add-character-channel.js is loaded
21:22:10 [INFO ]: Command character.js is loaded
21:22:10 [INFO ]: Command characterCreation.js is loaded
21:22:10 [INFO ]: Command condition.js is loaded
21:22:10 [INFO ]: Command impersonate.js is loaded
21:22:10 [INFO ]: Command magic-item.js is loaded
21:22:10 [INFO ]: Command magicItemList.js is loaded
21:22:10 [INFO ]: Command nonPlayableCharacterCreation.js is loaded
21:22:10 [INFO ]: Command npc.js is loaded
21:22:10 [INFO ]: Command quests.js is loaded
21:22:10 [INFO ]: Command roll-check.js is loaded
21:22:10 [INFO ]: Command roll-dice.js is loaded
21:22:10 [INFO ]: Command roll-stats.js is loaded
21:22:10 [INFO ]: Command session.js is loaded
21:22:10 [INFO ]: Command set-level.js is loaded
21:22:10 [INFO ]: Command spell.js is loaded
21:22:10 [INFO ]: Command stop-impersonating.js is loaded
21:22:10 [INFO ]: Command weapon.js is loaded
21:22:10 [INFO ]: Command avatar.js is loaded
21:22:10 [INFO ]: Command chthulu.js is loaded
21:22:10 [INFO ]: Command help.js is loaded
21:22:10 [INFO ]: Command server.js is loaded
21:22:10 [INFO ]: Command clear.js is loaded
21:22:10 [INFO ]: Command echo.js is loaded
21:22:11 [INFO ]: Chthulu bot is online!
21:22:12 [INFO ]: Website is up and running at http://localhost:8080
21:30:28 [INFO ]: Event guildCreate.js is loaded
21:30:28 [INFO ]: Event guildDelete.js is loaded
21:30:28 [INFO ]: Event guildMemberAdd.js is loaded
21:30:28 [INFO ]: Event guildMemberRemove.js is loaded
21:30:28 [INFO ]: Event interactionCreate.js is loaded
21:30:28 [INFO ]: Event messageCreate.js is loaded
21:30:28 [INFO ]: Event messageReactionAdd.js is loaded
21:30:28 [INFO ]: Event messageReactionRemove.js is loaded
21:30:28 [INFO ]: Event presenceUpdate.js is loaded
21:30:28 [INFO ]: Event ready.js is loaded
21:30:28 [INFO ]: Event voiceStateUpdate.js is loaded
21:30:28 [INFO ]: Command avatar.js is loaded
21:30:28 [INFO ]: Command chthulu.js is loaded
21:30:28 [INFO ]: Command help.js is loaded
21:30:28 [INFO ]: Command server.js is loaded
21:30:28 [INFO ]: Command echo.js is loaded
21:30:28 [INFO ]: Command clear.js is loaded
21:30:28 [INFO ]: Command add-character-channel.js is loaded
21:30:28 [INFO ]: Command character.js is loaded
21:30:28 [INFO ]: Command characterCreation.js is loaded
21:30:28 [INFO ]: Command condition.js is loaded
21:30:28 [INFO ]: Command impersonate.js is loaded
21:30:28 [INFO ]: Command magic-item.js is loaded
21:30:28 [INFO ]: Command magicItemList.js is loaded
21:30:28 [INFO ]: Command nonPlayableCharacterCreation.js is loaded
21:30:28 [INFO ]: Command npc.js is loaded
21:30:28 [INFO ]: Command quests.js is loaded
21:30:28 [INFO ]: Command roll-check.js is loaded
21:30:28 [INFO ]: Command roll-dice.js is loaded
21:30:28 [INFO ]: Command roll-stats.js is loaded
21:30:28 [INFO ]: Command session.js is loaded
21:30:28 [INFO ]: Command set-level.js is loaded
21:30:28 [INFO ]: Command spell.js is loaded
21:30:28 [INFO ]: Command stop-impersonating.js is loaded
21:30:28 [INFO ]: Command weapon.js is loaded
21:30:29 [INFO ]: Chthulu bot is online!
21:30:30 [INFO ]: Website is up and running at http://localhost:8080
21:30:49 [INFO ]: Event guildCreate.js is loaded
21:30:49 [INFO ]: Event guildDelete.js is loaded
21:30:49 [INFO ]: Event guildMemberAdd.js is loaded
21:30:49 [INFO ]: Event guildMemberRemove.js is loaded
21:30:49 [INFO ]: Event interactionCreate.js is loaded
21:30:49 [INFO ]: Event messageCreate.js is loaded
21:30:49 [INFO ]: Event messageReactionAdd.js is loaded
21:30:49 [INFO ]: Event messageReactionRemove.js is loaded
21:30:49 [INFO ]: Event presenceUpdate.js is loaded
21:30:49 [INFO ]: Event ready.js is loaded
21:30:49 [INFO ]: Event voiceStateUpdate.js is loaded
21:30:49 [INFO ]: Command chthulu.js is loaded
21:30:49 [INFO ]: Command help.js is loaded
21:30:49 [INFO ]: Command server.js is loaded
21:30:49 [INFO ]: Command avatar.js is loaded
21:30:49 [INFO ]: Command add-character-channel.js is loaded
21:30:49 [INFO ]: Command character.js is loaded
21:30:49 [INFO ]: Command characterCreation.js is loaded
21:30:49 [INFO ]: Command condition.js is loaded
21:30:49 [INFO ]: Command impersonate.js is loaded
21:30:49 [INFO ]: Command magic-item.js is loaded
21:30:49 [INFO ]: Command magicItemList.js is loaded
21:30:49 [INFO ]: Command nonPlayableCharacterCreation.js is loaded
21:30:49 [INFO ]: Command npc.js is loaded
21:30:49 [INFO ]: Command quests.js is loaded
21:30:49 [INFO ]: Command roll-check.js is loaded
21:30:49 [INFO ]: Command roll-dice.js is loaded
21:30:49 [INFO ]: Command roll-stats.js is loaded
21:30:49 [INFO ]: Command session.js is loaded
21:30:49 [INFO ]: Command set-level.js is loaded
21:30:49 [INFO ]: Command spell.js is loaded
21:30:49 [INFO ]: Command stop-impersonating.js is loaded
21:30:50 [INFO ]: Command weapon.js is loaded
21:30:50 [INFO ]: Command clear.js is loaded
21:30:50 [INFO ]: Command echo.js is loaded
21:30:50 [INFO ]: Chthulu bot is online!
21:30:51 [INFO ]: Website is up and running at http://localhost:8080
21:53:43 [INFO ]: Event guildCreate.js is loaded
21:53:43 [INFO ]: Event guildDelete.js is loaded
21:53:43 [INFO ]: Event guildMemberAdd.js is loaded
21:53:43 [INFO ]: Event guildMemberRemove.js is loaded
21:53:43 [INFO ]: Event interactionCreate.js is loaded
21:53:43 [INFO ]: Event messageCreate.js is loaded
21:53:43 [INFO ]: Event messageReactionAdd.js is loaded
21:53:43 [INFO ]: Event messageReactionRemove.js is loaded
21:53:43 [INFO ]: Event presenceUpdate.js is loaded
21:53:43 [INFO ]: Event ready.js is loaded
21:53:43 [INFO ]: Event voiceStateUpdate.js is loaded
21:53:43 [INFO ]: Command add-character-channel.js is loaded
21:53:43 [INFO ]: Command character.js is loaded
21:53:43 [INFO ]: Command characterCreation.js is loaded
21:53:43 [INFO ]: Command condition.js is loaded
21:53:43 [INFO ]: Command impersonate.js is loaded
21:53:43 [INFO ]: Command magic-item.js is loaded
21:53:43 [INFO ]: Command magicItemList.js is loaded
21:53:43 [INFO ]: Command nonPlayableCharacterCreation.js is loaded
21:53:43 [INFO ]: Command npc.js is loaded
21:53:43 [INFO ]: Command quests.js is loaded
21:53:43 [INFO ]: Command roll-check.js is loaded
21:53:43 [INFO ]: Command roll-dice.js is loaded
21:53:43 [INFO ]: Command roll-stats.js is loaded
21:53:43 [INFO ]: Command session.js is loaded
21:53:43 [INFO ]: Command set-level.js is loaded
21:53:43 [INFO ]: Command spell.js is loaded
21:53:43 [INFO ]: Command stop-impersonating.js is loaded
21:53:43 [INFO ]: Command weapon.js is loaded
21:53:43 [INFO ]: Command avatar.js is loaded
21:53:43 [INFO ]: Command chthulu.js is loaded
21:53:43 [INFO ]: Command help.js is loaded
21:53:43 [INFO ]: Command server.js is loaded
21:53:43 [INFO ]: Command clear.js is loaded
21:53:43 [INFO ]: Command echo.js is loaded
21:53:44 [INFO ]: Chthulu bot is online!
21:53:45 [INFO ]: Website is up and running at http://localhost:8080
21:54:47 [INFO ]: Event guildCreate.js is loaded
21:54:47 [INFO ]: Event guildDelete.js is loaded
21:54:47 [INFO ]: Event guildMemberAdd.js is loaded
21:54:47 [INFO ]: Event guildMemberRemove.js is loaded
21:54:47 [INFO ]: Event interactionCreate.js is loaded
21:54:47 [INFO ]: Event messageCreate.js is loaded
21:54:47 [INFO ]: Event messageReactionAdd.js is loaded
21:54:47 [INFO ]: Event messageReactionRemove.js is loaded
21:54:47 [INFO ]: Event presenceUpdate.js is loaded
21:54:47 [INFO ]: Event ready.js is loaded
21:54:47 [INFO ]: Event voiceStateUpdate.js is loaded
21:54:47 [INFO ]: Command add-character-channel.js is loaded
21:54:47 [INFO ]: Command character.js is loaded
21:54:47 [INFO ]: Command characterCreation.js is loaded
21:54:47 [INFO ]: Command condition.js is loaded
21:54:47 [INFO ]: Command impersonate.js is loaded
21:54:47 [INFO ]: Command magic-item.js is loaded
21:54:47 [INFO ]: Command magicItemList.js is loaded
21:54:47 [INFO ]: Command nonPlayableCharacterCreation.js is loaded
21:54:47 [INFO ]: Command npc.js is loaded
21:54:47 [INFO ]: Command quests.js is loaded
21:54:47 [INFO ]: Command roll-check.js is loaded
21:54:47 [INFO ]: Command roll-dice.js is loaded
21:54:47 [INFO ]: Command roll-stats.js is loaded
21:54:47 [INFO ]: Command session.js is loaded
21:54:47 [INFO ]: Command set-level.js is loaded
21:54:48 [INFO ]: Command spell.js is loaded
21:54:48 [INFO ]: Command stop-impersonating.js is loaded
21:54:48 [INFO ]: Command weapon.js is loaded
21:54:48 [INFO ]: Command chthulu.js is loaded
21:54:48 [INFO ]: Command help.js is loaded
21:54:48 [INFO ]: Command server.js is loaded
21:54:48 [INFO ]: Command avatar.js is loaded
21:54:48 [INFO ]: Command clear.js is loaded
21:54:48 [INFO ]: Command echo.js is loaded
21:54:48 [INFO ]: Chthulu bot is online!
21:54:49 [INFO ]: Website is up and running at http://localhost:8080
21:55:46 [INFO ]: Event guildCreate.js is loaded
21:55:46 [INFO ]: Event guildDelete.js is loaded
21:55:46 [INFO ]: Event guildMemberAdd.js is loaded
21:55:46 [INFO ]: Event guildMemberRemove.js is loaded
21:55:46 [INFO ]: Event interactionCreate.js is loaded
21:55:46 [INFO ]: Event messageCreate.js is loaded
21:55:46 [INFO ]: Event messageReactionAdd.js is loaded
21:55:46 [INFO ]: Event messageReactionRemove.js is loaded
21:55:46 [INFO ]: Event presenceUpdate.js is loaded
21:55:46 [INFO ]: Event ready.js is loaded
21:55:46 [INFO ]: Event voiceStateUpdate.js is loaded
21:55:46 [INFO ]: Command chthulu.js is loaded
21:55:46 [INFO ]: Command help.js is loaded
21:55:46 [INFO ]: Command server.js is loaded
21:55:46 [INFO ]: Command avatar.js is loaded
21:55:46 [INFO ]: Command clear.js is loaded
21:55:46 [INFO ]: Command echo.js is loaded
21:55:46 [INFO ]: Command add-character-channel.js is loaded
21:55:46 [INFO ]: Command character.js is loaded
21:55:46 [INFO ]: Command characterCreation.js is loaded
21:55:46 [INFO ]: Command condition.js is loaded
21:55:46 [INFO ]: Command impersonate.js is loaded
21:55:46 [INFO ]: Command magic-item.js is loaded
21:55:46 [INFO ]: Command magicItemList.js is loaded
21:55:46 [INFO ]: Command nonPlayableCharacterCreation.js is loaded
21:55:46 [INFO ]: Command npc.js is loaded
21:55:46 [INFO ]: Command quests.js is loaded
21:55:46 [INFO ]: Command roll-check.js is loaded
21:55:46 [INFO ]: Command roll-dice.js is loaded
21:55:46 [INFO ]: Command roll-stats.js is loaded
21:55:46 [INFO ]: Command session.js is loaded
21:55:46 [INFO ]: Command set-level.js is loaded
21:55:46 [INFO ]: Command spell.js is loaded
21:55:46 [INFO ]: Command stop-impersonating.js is loaded
21:55:46 [INFO ]: Command weapon.js is loaded
21:55:47 [INFO ]: Chthulu bot is online!
21:55:48 [INFO ]: Website is up and running at http://localhost:8080
21:58:35 [INFO ]: Event guildCreate.js is loaded
21:58:35 [INFO ]: Event guildDelete.js is loaded
21:58:35 [INFO ]: Event guildMemberAdd.js is loaded
21:58:35 [INFO ]: Event guildMemberRemove.js is loaded
21:58:35 [INFO ]: Event interactionCreate.js is loaded
21:58:35 [INFO ]: Event messageCreate.js is loaded
21:58:35 [INFO ]: Event messageReactionAdd.js is loaded
21:58:35 [INFO ]: Event messageReactionRemove.js is loaded
21:58:35 [INFO ]: Event presenceUpdate.js is loaded
21:58:35 [INFO ]: Event ready.js is loaded
21:58:35 [INFO ]: Event voiceStateUpdate.js is loaded
21:58:35 [INFO ]: Command avatar.js is loaded
21:58:35 [INFO ]: Command chthulu.js is loaded
21:58:35 [INFO ]: Command help.js is loaded
21:58:35 [INFO ]: Command server.js is loaded
21:58:35 [INFO ]: Command clear.js is loaded
21:58:35 [INFO ]: Command add-character-channel.js is loaded
21:58:35 [INFO ]: Command character.js is loaded
21:58:35 [INFO ]: Command characterCreation.js is loaded
21:58:35 [INFO ]: Command condition.js is loaded
21:58:35 [INFO ]: Command impersonate.js is loaded
21:58:35 [INFO ]: Command magic-item.js is loaded
21:58:35 [INFO ]: Command magicItemList.js is loaded
21:58:35 [INFO ]: Command nonPlayableCharacterCreation.js is loaded
21:58:35 [INFO ]: Command npc.js is loaded
21:58:35 [INFO ]: Command quests.js is loaded
21:58:35 [INFO ]: Command roll-check.js is loaded
21:58:35 [INFO ]: Command roll-dice.js is loaded
21:58:35 [INFO ]: Command roll-stats.js is loaded
21:58:35 [INFO ]: Command session.js is loaded
21:58:35 [INFO ]: Command set-level.js is loaded
21:58:35 [INFO ]: Command spell.js is loaded
21:58:35 [INFO ]: Command stop-impersonating.js is loaded
21:58:35 [INFO ]: Command weapon.js is loaded
21:58:35 [INFO ]: Command echo.js is loaded
21:58:36 [INFO ]: Chthulu bot is online!
21:58:37 [INFO ]: Website is up and running at http://localhost:8080
21:59:41 [INFO ]: Event guildCreate.js is loaded
21:59:41 [INFO ]: Event guildDelete.js is loaded
21:59:41 [INFO ]: Event guildMemberAdd.js is loaded
21:59:41 [INFO ]: Event guildMemberRemove.js is loaded
21:59:41 [INFO ]: Event interactionCreate.js is loaded
21:59:41 [INFO ]: Event messageCreate.js is loaded
21:59:41 [INFO ]: Event messageReactionAdd.js is loaded
21:59:41 [INFO ]: Event messageReactionRemove.js is loaded
21:59:41 [INFO ]: Event presenceUpdate.js is loaded
21:59:41 [INFO ]: Event ready.js is loaded
21:59:41 [INFO ]: Event voiceStateUpdate.js is loaded
21:59:41 [INFO ]: Command add-character-channel.js is loaded
21:59:41 [INFO ]: Command character.js is loaded
21:59:41 [INFO ]: Command characterCreation.js is loaded
21:59:42 [INFO ]: Command condition.js is loaded
21:59:42 [INFO ]: Command impersonate.js is loaded
21:59:42 [INFO ]: Command magic-item.js is loaded
21:59:42 [INFO ]: Command magicItemList.js is loaded
21:59:42 [INFO ]: Command nonPlayableCharacterCreation.js is loaded
21:59:42 [INFO ]: Command npc.js is loaded
21:59:42 [INFO ]: Command quests.js is loaded
21:59:42 [INFO ]: Command roll-check.js is loaded
21:59:42 [INFO ]: Command roll-dice.js is loaded
21:59:42 [INFO ]: Command roll-stats.js is loaded
21:59:42 [INFO ]: Command session.js is loaded
21:59:42 [INFO ]: Command set-level.js is loaded
21:59:42 [INFO ]: Command spell.js is loaded
21:59:42 [INFO ]: Command stop-impersonating.js is loaded
21:59:42 [INFO ]: Command weapon.js is loaded
21:59:42 [INFO ]: Command avatar.js is loaded
21:59:42 [INFO ]: Command clear.js is loaded
21:59:42 [INFO ]: Command echo.js is loaded
21:59:42 [INFO ]: Command chthulu.js is loaded
21:59:42 [INFO ]: Command help.js is loaded
21:59:42 [INFO ]: Command server.js is loaded
21:59:43 [INFO ]: Chthulu bot is online!
21:59:44 [INFO ]: Website is up and running at http://localhost:8080
22:00:37 [INFO ]: Event guildCreate.js is loaded
22:00:37 [INFO ]: Event guildDelete.js is loaded
22:00:37 [INFO ]: Event guildMemberAdd.js is loaded
22:00:37 [INFO ]: Event guildMemberRemove.js is loaded
22:00:37 [INFO ]: Event interactionCreate.js is loaded
22:00:37 [INFO ]: Event messageCreate.js is loaded
22:00:37 [INFO ]: Event messageReactionAdd.js is loaded
22:00:37 [INFO ]: Event messageReactionRemove.js is loaded
22:00:37 [INFO ]: Event presenceUpdate.js is loaded
22:00:37 [INFO ]: Event ready.js is loaded
22:00:37 [INFO ]: Event voiceStateUpdate.js is loaded
22:00:37 [INFO ]: Command avatar.js is loaded
22:00:37 [INFO ]: Command add-character-channel.js is loaded
22:00:37 [INFO ]: Command character.js is loaded
22:00:37 [INFO ]: Command characterCreation.js is loaded
22:00:37 [INFO ]: Command condition.js is loaded
22:00:38 [INFO ]: Command impersonate.js is loaded
22:00:38 [INFO ]: Command magic-item.js is loaded
22:00:38 [INFO ]: Command magicItemList.js is loaded
22:00:38 [INFO ]: Command nonPlayableCharacterCreation.js is loaded
22:00:38 [INFO ]: Command npc.js is loaded
22:00:38 [INFO ]: Command quests.js is loaded
22:00:38 [INFO ]: Command roll-check.js is loaded
22:00:38 [INFO ]: Command roll-dice.js is loaded
22:00:38 [INFO ]: Command roll-stats.js is loaded
22:00:38 [INFO ]: Command session.js is loaded
22:00:38 [INFO ]: Command set-level.js is loaded
22:00:38 [INFO ]: Command spell.js is loaded
22:00:38 [INFO ]: Command stop-impersonating.js is loaded
22:00:38 [INFO ]: Command weapon.js is loaded
22:00:38 [INFO ]: Command chthulu.js is loaded
22:00:38 [INFO ]: Command help.js is loaded
22:00:38 [INFO ]: Command server.js is loaded
22:00:38 [INFO ]: Command echo.js is loaded
22:00:38 [INFO ]: Command clear.js is loaded
22:00:38 [INFO ]: Chthulu bot is online!
22:00:39 [INFO ]: Website is up and running at http://localhost:8080
22:03:13 [INFO ]: Event guildCreate.js is loaded
22:03:13 [INFO ]: Event guildDelete.js is loaded
22:03:13 [INFO ]: Event guildMemberAdd.js is loaded
22:03:13 [INFO ]: Event guildMemberRemove.js is loaded
22:03:13 [INFO ]: Event interactionCreate.js is loaded
22:03:13 [INFO ]: Event messageCreate.js is loaded
22:03:13 [INFO ]: Event messageReactionAdd.js is loaded
22:03:13 [INFO ]: Event messageReactionRemove.js is loaded
22:03:13 [INFO ]: Event presenceUpdate.js is loaded
22:03:13 [INFO ]: Event ready.js is loaded
22:03:13 [INFO ]: Event voiceStateUpdate.js is loaded
22:03:13 [INFO ]: Command chthulu.js is loaded
22:03:13 [INFO ]: Command help.js is loaded
22:03:13 [INFO ]: Command server.js is loaded
22:03:13 [INFO ]: Command avatar.js is loaded
22:03:13 [INFO ]: Command clear.js is loaded
22:03:13 [INFO ]: Command add-character-channel.js is loaded
22:03:13 [INFO ]: Command character.js is loaded
22:03:13 [INFO ]: Command characterCreation.js is loaded
22:03:13 [INFO ]: Command condition.js is loaded
22:03:13 [INFO ]: Command impersonate.js is loaded
22:03:13 [INFO ]: Command magic-item.js is loaded
22:03:13 [INFO ]: Command magicItemList.js is loaded
22:03:13 [INFO ]: Command nonPlayableCharacterCreation.js is loaded
22:03:13 [INFO ]: Command npc.js is loaded
22:03:13 [INFO ]: Command quests.js is loaded
22:03:13 [INFO ]: Command roll-check.js is loaded
22:03:13 [INFO ]: Command roll-dice.js is loaded
22:03:13 [INFO ]: Command roll-stats.js is loaded
22:03:13 [INFO ]: Command session.js is loaded
22:03:13 [INFO ]: Command set-level.js is loaded
22:03:13 [INFO ]: Command spell.js is loaded
22:03:13 [INFO ]: Command stop-impersonating.js is loaded
22:03:13 [INFO ]: Command weapon.js is loaded
22:03:13 [INFO ]: Command echo.js is loaded
22:03:14 [INFO ]: Chthulu bot is online!
22:03:15 [INFO ]: Website is up and running at http://localhost:8080
22:03:43 [INFO ]: Event guildCreate.js is loaded
22:03:43 [INFO ]: Event guildDelete.js is loaded
22:03:43 [INFO ]: Event guildMemberAdd.js is loaded
22:03:43 [INFO ]: Event guildMemberRemove.js is loaded
22:03:43 [INFO ]: Event interactionCreate.js is loaded
22:03:43 [INFO ]: Event messageCreate.js is loaded
22:03:43 [INFO ]: Event messageReactionAdd.js is loaded
22:03:43 [INFO ]: Event messageReactionRemove.js is loaded
22:03:43 [INFO ]: Event presenceUpdate.js is loaded
22:03:43 [INFO ]: Event ready.js is loaded
22:03:43 [INFO ]: Event voiceStateUpdate.js is loaded
22:03:43 [INFO ]: Command chthulu.js is loaded
22:03:43 [INFO ]: Command help.js is loaded
22:03:43 [INFO ]: Command server.js is loaded
22:03:43 [INFO ]: Command avatar.js is loaded
22:03:43 [INFO ]: Command echo.js is loaded
22:03:43 [INFO ]: Command clear.js is loaded
22:03:43 [INFO ]: Command add-character-channel.js is loaded
22:03:43 [INFO ]: Command character.js is loaded
22:03:43 [INFO ]: Command characterCreation.js is loaded
22:03:43 [INFO ]: Command condition.js is loaded
22:03:43 [INFO ]: Command impersonate.js is loaded
22:03:43 [INFO ]: Command magic-item.js is loaded
22:03:43 [INFO ]: Command magicItemList.js is loaded
22:03:43 [INFO ]: Command nonPlayableCharacterCreation.js is loaded
22:03:43 [INFO ]: Command npc.js is loaded
22:03:43 [INFO ]: Command quests.js is loaded
22:03:43 [INFO ]: Command roll-check.js is loaded
22:03:43 [INFO ]: Command roll-dice.js is loaded
22:03:43 [INFO ]: Command roll-stats.js is loaded
22:03:43 [INFO ]: Command session.js is loaded
22:03:43 [INFO ]: Command set-level.js is loaded
22:03:43 [INFO ]: Command spell.js is loaded
22:03:43 [INFO ]: Command stop-impersonating.js is loaded
22:03:43 [INFO ]: Command weapon.js is loaded
22:03:44 [INFO ]: Chthulu bot is online!
22:03:45 [INFO ]: Website is up and running at http://localhost:8080
22:17:59 [INFO ]: Event guildCreate.js is loaded
22:17:59 [INFO ]: Event guildDelete.js is loaded
22:17:59 [INFO ]: Event guildMemberAdd.js is loaded
22:17:59 [INFO ]: Event guildMemberRemove.js is loaded
22:17:59 [INFO ]: Event interactionCreate.js is loaded
22:17:59 [INFO ]: Event messageCreate.js is loaded
22:17:59 [INFO ]: Event messageReactionAdd.js is loaded
22:17:59 [INFO ]: Event messageReactionRemove.js is loaded
22:17:59 [INFO ]: Event presenceUpdate.js is loaded
22:17:59 [INFO ]: Event ready.js is loaded
22:17:59 [INFO ]: Event voiceStateUpdate.js is loaded
22:17:59 [INFO ]: Command avatar.js is loaded
22:17:59 [INFO ]: Command clear.js is loaded
22:17:59 [INFO ]: Command chthulu.js is loaded
22:17:59 [INFO ]: Command help.js is loaded
22:17:59 [INFO ]: Command server.js is loaded
22:17:59 [INFO ]: Command add-character-channel.js is loaded
22:17:59 [INFO ]: Command character.js is loaded
22:17:59 [INFO ]: Command characterCreation.js is loaded
22:17:59 [INFO ]: Command condition.js is loaded
22:17:59 [INFO ]: Command impersonate.js is loaded
22:17:59 [INFO ]: Command magic-item.js is loaded
22:17:59 [INFO ]: Command magicItemList.js is loaded
22:17:59 [INFO ]: Command nonPlayableCharacterCreation.js is loaded
22:17:59 [INFO ]: Command npc.js is loaded
22:17:59 [INFO ]: Command quests.js is loaded
22:17:59 [INFO ]: Command roll-check.js is loaded
22:17:59 [INFO ]: Command roll-dice.js is loaded
22:17:59 [INFO ]: Command roll-stats.js is loaded
22:17:59 [INFO ]: Command session.js is loaded
22:17:59 [INFO ]: Command set-level.js is loaded
22:17:59 [INFO ]: Command spell.js is loaded
22:17:59 [INFO ]: Command stop-impersonating.js is loaded
22:17:59 [INFO ]: Command weapon.js is loaded
22:17:59 [INFO ]: Command echo.js is loaded
22:18:00 [INFO ]: Chthulu bot is online!
22:18:01 [INFO ]: Website is up and running at http://localhost:8080
22:36:20 [INFO ]: Event guildCreate.js is loaded
22:36:20 [INFO ]: Event guildDelete.js is loaded
22:36:20 [INFO ]: Event guildMemberAdd.js is loaded
22:36:20 [INFO ]: Event guildMemberRemove.js is loaded
22:36:21 [INFO ]: Event interactionCreate.js is loaded
22:36:21 [INFO ]: Event messageCreate.js is loaded
22:36:21 [INFO ]: Event messageReactionAdd.js is loaded
22:36:21 [INFO ]: Event messageReactionRemove.js is loaded
22:36:21 [INFO ]: Event presenceUpdate.js is loaded
22:36:21 [INFO ]: Event ready.js is loaded
22:36:21 [INFO ]: Event voiceStateUpdate.js is loaded
22:36:21 [INFO ]: Command avatar.js is loaded
22:36:21 [INFO ]: Command clear.js is loaded
22:36:21 [INFO ]: Command add-character-channel.js is loaded
22:36:21 [INFO ]: Command character.js is loaded
22:36:21 [INFO ]: Command characterCreation.js is loaded
22:36:21 [INFO ]: Command condition.js is loaded
22:36:21 [INFO ]: Command impersonate.js is loaded
22:36:21 [INFO ]: Command magic-item.js is loaded
22:36:21 [INFO ]: Command magicItemList.js is loaded
22:36:21 [INFO ]: Command nonPlayableCharacterCreation.js is loaded
22:36:21 [INFO ]: Command npc.js is loaded
22:36:21 [INFO ]: Command quests.js is loaded
22:36:21 [INFO ]: Command roll-check.js is loaded
22:36:21 [INFO ]: Command roll-dice.js is loaded
22:36:21 [INFO ]: Command roll-stats.js is loaded
22:36:21 [INFO ]: Command session.js is loaded
22:36:21 [INFO ]: Command set-level.js is loaded
22:36:21 [INFO ]: Command spell.js is loaded
22:36:21 [INFO ]: Command stop-impersonating.js is loaded
22:36:21 [INFO ]: Command weapon.js is loaded
22:36:21 [INFO ]: Command echo.js is loaded
22:36:21 [INFO ]: Command chthulu.js is loaded
22:36:21 [INFO ]: Command help.js is loaded
22:36:21 [INFO ]: Command server.js is loaded
22:36:22 [INFO ]: Chthulu bot is online!
22:36:23 [INFO ]: Website is up and running at http://localhost:8080
22:38:02 [INFO ]: Event guildCreate.js is loaded
22:38:02 [INFO ]: Event guildDelete.js is loaded
22:38:02 [INFO ]: Event guildMemberAdd.js is loaded
22:38:02 [INFO ]: Event guildMemberRemove.js is loaded
22:38:02 [INFO ]: Event interactionCreate.js is loaded
22:38:02 [INFO ]: Event messageCreate.js is loaded
22:38:02 [INFO ]: Event messageReactionAdd.js is loaded
22:38:02 [INFO ]: Event messageReactionRemove.js is loaded
22:38:02 [INFO ]: Event presenceUpdate.js is loaded
22:38:02 [INFO ]: Event ready.js is loaded
22:38:02 [INFO ]: Event voiceStateUpdate.js is loaded
22:38:02 [INFO ]: Command add-character-channel.js is loaded
22:38:02 [INFO ]: Command character.js is loaded
22:38:02 [INFO ]: Command characterCreation.js is loaded
22:38:02 [INFO ]: Command condition.js is loaded
22:38:02 [INFO ]: Command impersonate.js is loaded
22:38:02 [INFO ]: Command magic-item.js is loaded
22:38:02 [INFO ]: Command magicItemList.js is loaded
22:38:02 [INFO ]: Command nonPlayableCharacterCreation.js is loaded
22:38:02 [INFO ]: Command npc.js is loaded
22:38:02 [INFO ]: Command quests.js is loaded
22:38:02 [INFO ]: Command roll-check.js is loaded
22:38:02 [INFO ]: Command roll-dice.js is loaded
22:38:02 [INFO ]: Command roll-stats.js is loaded
22:38:02 [INFO ]: Command session.js is loaded
22:38:02 [INFO ]: Command set-level.js is loaded
22:38:02 [INFO ]: Command spell.js is loaded
22:38:02 [INFO ]: Command stop-impersonating.js is loaded
22:38:02 [INFO ]: Command weapon.js is loaded
22:38:02 [INFO ]: Command chthulu.js is loaded
22:38:02 [INFO ]: Command help.js is loaded
22:38:02 [INFO ]: Command server.js is loaded
22:38:02 [INFO ]: Command avatar.js is loaded
22:38:02 [INFO ]: Command clear.js is loaded
22:38:02 [INFO ]: Command echo.js is loaded
22:38:03 [INFO ]: Chthulu bot is online!
22:38:04 [INFO ]: Website is up and running at http://localhost:8080
22:44:48 [INFO ]: Event guildCreate.js is loaded
22:44:48 [INFO ]: Event guildDelete.js is loaded
22:44:48 [INFO ]: Event guildMemberAdd.js is loaded
22:44:48 [INFO ]: Event guildMemberRemove.js is loaded
22:44:48 [INFO ]: Event interactionCreate.js is loaded
22:44:48 [INFO ]: Event messageCreate.js is loaded
22:44:48 [INFO ]: Event messageReactionAdd.js is loaded
22:44:48 [INFO ]: Event messageReactionRemove.js is loaded
22:44:48 [INFO ]: Event presenceUpdate.js is loaded
22:44:48 [INFO ]: Event ready.js is loaded
22:44:48 [INFO ]: Event voiceStateUpdate.js is loaded
22:44:48 [INFO ]: Command avatar.js is loaded
22:44:48 [INFO ]: Command chthulu.js is loaded
22:44:48 [INFO ]: Command help.js is loaded
22:44:48 [INFO ]: Command server.js is loaded
22:44:48 [INFO ]: Command add-character-channel.js is loaded
22:44:48 [INFO ]: Command character.js is loaded
22:44:48 [INFO ]: Command characterCreation.js is loaded
22:44:48 [INFO ]: Command condition.js is loaded
22:44:48 [INFO ]: Command impersonate.js is loaded
22:44:48 [INFO ]: Command magic-item.js is loaded
22:44:48 [INFO ]: Command magicItemList.js is loaded
22:44:48 [INFO ]: Command nonPlayableCharacterCreation.js is loaded
22:44:48 [INFO ]: Command npc.js is loaded
22:44:48 [INFO ]: Command quests.js is loaded
22:44:48 [INFO ]: Command roll-check.js is loaded
22:44:48 [INFO ]: Command roll-dice.js is loaded
22:44:48 [INFO ]: Command roll-stats.js is loaded
22:44:48 [INFO ]: Command session.js is loaded
22:44:48 [INFO ]: Command set-level.js is loaded
22:44:49 [INFO ]: Command spell.js is loaded
22:44:49 [INFO ]: Command stop-impersonating.js is loaded
22:44:49 [INFO ]: Command weapon.js is loaded
22:44:49 [INFO ]: Command clear.js is loaded
22:44:49 [INFO ]: Command echo.js is loaded
22:44:49 [INFO ]: Chthulu bot is online!
22:44:50 [INFO ]: Website is up and running at http://localhost:8080
